2024-12-10 01:35:44,091 - ExtensionsManager - INFO - تم تحميل الإضافة: إضافة حرف خفي
2024-12-10 01:35:44,193 - ExtensionsManager - INFO - تم تحميل الإضافة: عكس النصوص
2024-12-10 01:35:44,208 - ExtensionsManager - INFO - تم تحميل الإضافة: مستبدل نصوص للعبة ck3
2024-12-10 01:35:44,809 - ExtensionsManager - INFO - تم تحميل الإضافة: إضافة حرف خفي
2024-12-10 01:35:44,810 - ExtensionsManager - INFO - تم تحميل الإضافة: عكس النصوص
2024-12-10 01:35:44,811 - ExtensionsManager - INFO - تم تحميل الإضافة: مستبدل نصوص للعبة ck3
2024-12-10 01:54:20,119 - ExtensionsManager - INFO - تم تحميل الإضافة: إضافة حرف خفي
2024-12-10 01:54:20,499 - ExtensionsManager - INFO - تم تحميل الإضافة: عكس النصوص
2024-12-10 01:54:20,585 - ExtensionsManager - INFO - تم تحميل الإضافة: مستبدل نصوص للعبة ck3
2024-12-10 01:54:21,490 - ExtensionsManager - INFO - تم تحميل الإضافة: إضافة حرف خفي
2024-12-10 01:54:21,491 - ExtensionsManager - INFO - تم تحميل الإضافة: عكس النصوص
2024-12-10 01:54:21,493 - ExtensionsManager - INFO - تم تحميل الإضافة: مستبدل نصوص للعبة ck3
2024-12-10 01:55:34,657 - ExtensionsManager - INFO - تم تحميل الإضافة: إضافة حرف خفي
2024-12-10 01:55:34,693 - ExtensionsManager - INFO - تم تحميل الإضافة: عكس النصوص
2024-12-10 01:55:34,731 - ExtensionsManager - INFO - تم تحميل الإضافة: مستبدل نصوص للعبة ck3
2024-12-10 01:55:35,144 - ExtensionsManager - INFO - تم تحميل الإضافة: إضافة حرف خفي
2024-12-10 01:55:35,145 - ExtensionsManager - INFO - تم تحميل الإضافة: عكس النصوص
2024-12-10 01:55:35,146 - ExtensionsManager - INFO - تم تحميل الإضافة: مستبدل نصوص للعبة ck3
2024-12-10 02:08:31,848 - ExtensionsManager - INFO - تم تحميل الإضافة: إضافة حرف خفي
2024-12-10 02:08:31,890 - ExtensionsManager - INFO - تم تحميل الإضافة: عكس النصوص
2024-12-10 02:08:31,892 - ExtensionsManager - INFO - تم تحميل الإضافة: مستبدل نصوص للعبة ck3
2024-12-10 02:08:32,213 - ExtensionsManager - INFO - تم تحميل الإضافة: إضافة حرف خفي
2024-12-10 02:08:32,214 - ExtensionsManager - INFO - تم تحميل الإضافة: عكس النصوص
2024-12-10 02:08:32,215 - ExtensionsManager - INFO - تم تحميل الإضافة: مستبدل نصوص للعبة ck3
2024-12-10 02:13:17,820 - ExtensionsManager - INFO - تم تحميل الإضافة: إضافة حرف خفي
2024-12-10 02:13:17,919 - ExtensionsManager - INFO - تم تحميل الإضافة: عكس النصوص
2024-12-10 02:13:17,924 - ExtensionsManager - INFO - تم تحميل الإضافة: مستبدل نصوص للعبة ck3
2024-12-10 02:13:18,331 - ExtensionsManager - INFO - تم تحميل الإضافة: إضافة حرف خفي
2024-12-10 02:13:18,332 - ExtensionsManager - INFO - تم تحميل الإضافة: عكس النصوص
2024-12-10 02:13:18,333 - ExtensionsManager - INFO - تم تحميل الإضافة: مستبدل نصوص للعبة ck3
2024-12-10 02:18:05,952 - ExtensionsManager - INFO - تم تحميل الإضافة: إضافة حرف خفي
2024-12-10 02:18:06,072 - ExtensionsManager - INFO - تم تحميل الإضافة: عكس النصوص
2024-12-10 02:18:06,074 - ExtensionsManager - INFO - تم تحميل الإضافة: مستبدل نصوص للعبة ck3
2024-12-10 02:18:06,458 - ExtensionsManager - INFO - تم تحميل الإضافة: إضافة حرف خفي
2024-12-10 02:18:06,459 - ExtensionsManager - INFO - تم تحميل الإضافة: عكس النصوص
2024-12-10 02:18:06,461 - ExtensionsManager - INFO - تم تحميل الإضافة: مستبدل نصوص للعبة ck3
2024-12-10 02:19:53,596 - ExtensionsManager - INFO - تم تحميل الإضافة: إضافة حرف خفي
2024-12-10 02:19:53,712 - ExtensionsManager - INFO - تم تحميل الإضافة: عكس النصوص
2024-12-10 02:19:53,713 - ExtensionsManager - INFO - تم تحميل الإضافة: مستبدل نصوص للعبة ck3
2024-12-10 02:19:54,074 - ExtensionsManager - INFO - تم تحميل الإضافة: إضافة حرف خفي
2024-12-10 02:19:54,075 - ExtensionsManager - INFO - تم تحميل الإضافة: عكس النصوص
2024-12-10 02:19:54,076 - ExtensionsManager - INFO - تم تحميل الإضافة: مستبدل نصوص للعبة ck3
2024-12-10 02:20:16,994 - ExtensionsManager - INFO - تم تحميل الإضافة: إضافة حرف خفي
2024-12-10 02:20:17,062 - ExtensionsManager - INFO - تم تحميل الإضافة: عكس النصوص
2024-12-10 02:20:17,063 - ExtensionsManager - INFO - تم تحميل الإضافة: مستبدل نصوص للعبة ck3
2024-12-10 02:20:17,508 - ExtensionsManager - INFO - تم تحميل الإضافة: إضافة حرف خفي
2024-12-10 02:20:17,509 - ExtensionsManager - INFO - تم تحميل الإضافة: عكس النصوص
2024-12-10 02:20:17,511 - ExtensionsManager - INFO - تم تحميل الإضافة: مستبدل نصوص للعبة ck3
2024-12-10 02:27:01,165 - ExtensionsManager - INFO - تم تحميل الإضافة: إضافة حرف خفي
2024-12-10 02:27:01,296 - ExtensionsManager - INFO - تم تحميل الإضافة: عكس النصوص
2024-12-10 02:27:01,319 - ExtensionsManager - INFO - تم تحميل الإضافة: مستبدل نصوص للعبة ck3
2024-12-10 02:27:01,693 - ExtensionsManager - INFO - تم تحميل الإضافة: إضافة حرف خفي
2024-12-10 02:27:01,695 - ExtensionsManager - INFO - تم تحميل الإضافة: عكس النصوص
2024-12-10 02:27:01,696 - ExtensionsManager - INFO - تم تحميل الإضافة: مستبدل نصوص للعبة ck3
2024-12-10 02:27:43,624 - ExtensionsManager - INFO - تم تحميل الإضافة: إضافة حرف خفي
2024-12-10 02:27:43,731 - ExtensionsManager - INFO - تم تحميل الإضافة: عكس النصوص
2024-12-10 02:27:43,733 - ExtensionsManager - INFO - تم تحميل الإضافة: مستبدل نصوص للعبة ck3
2024-12-10 02:27:44,868 - ExtensionsManager - INFO - تم تحميل الإضافة: إضافة حرف خفي
2024-12-10 02:27:44,869 - ExtensionsManager - INFO - تم تحميل الإضافة: عكس النصوص
2024-12-10 02:27:44,870 - ExtensionsManager - INFO - تم تحميل الإضافة: مستبدل نصوص للعبة ck3
2024-12-10 02:28:36,662 - ExtensionsManager - INFO - تم تحميل الإضافة: إضافة حرف خفي
2024-12-10 02:28:36,713 - ExtensionsManager - INFO - تم تحميل الإضافة: عكس النصوص
2024-12-10 02:28:36,715 - ExtensionsManager - INFO - تم تحميل الإضافة: مستبدل نصوص للعبة ck3
2024-12-10 02:28:37,083 - ExtensionsManager - INFO - تم تحميل الإضافة: إضافة حرف خفي
2024-12-10 02:28:37,085 - ExtensionsManager - INFO - تم تحميل الإضافة: عكس النصوص
2024-12-10 02:28:37,086 - ExtensionsManager - INFO - تم تحميل الإضافة: مستبدل نصوص للعبة ck3
2024-12-10 02:32:24,443 - ExtensionsManager - INFO - تم تحميل الإضافة: إضافة حرف خفي
2024-12-10 02:32:24,487 - ExtensionsManager - INFO - تم تحميل الإضافة: عكس النصوص
2024-12-10 02:32:24,489 - ExtensionsManager - INFO - تم تحميل الإضافة: مستبدل نصوص للعبة ck3
2024-12-10 02:32:24,833 - ExtensionsManager - INFO - تم تحميل الإضافة: إضافة حرف خفي
2024-12-10 02:32:24,834 - ExtensionsManager - INFO - تم تحميل الإضافة: عكس النصوص
2024-12-10 02:32:24,835 - ExtensionsManager - INFO - تم تحميل الإضافة: مستبدل نصوص للعبة ck3
2024-12-10 02:48:19,609 - ExtensionsManager - INFO - تم تحميل الإضافة: إضافة حرف خفي
2024-12-10 02:48:19,660 - ExtensionsManager - INFO - تم تحميل الإضافة: عكس النصوص
2024-12-10 02:48:19,661 - ExtensionsManager - INFO - تم تحميل الإضافة: مستبدل نصوص للعبة ملوك صليبية
2024-12-10 02:48:19,973 - ExtensionsManager - INFO - تم تحميل الإضافة: إضافة حرف خفي
2024-12-10 02:48:19,974 - ExtensionsManager - INFO - تم تحميل الإضافة: عكس النصوص
2024-12-10 02:48:19,975 - ExtensionsManager - INFO - تم تحميل الإضافة: مستبدل نصوص للعبة ملوك صليبية
2024-12-10 02:48:23,767 - urllib3.connectionpool - DEBUG - Starting new HTTPS connection (1): api.github.com:443
2024-12-10 02:48:24,147 - urllib3.connectionpool - DEBUG - https://api.github.com:443 "GET /rate_limit HTTP/1.1" 200 None
2024-12-10 02:48:24,151 - urllib3.connectionpool - DEBUG - Starting new HTTPS connection (1): api.github.com:443
2024-12-10 02:48:24,537 - urllib3.connectionpool - DEBUG - https://api.github.com:443 "GET /repos/rihla-team/qirtas-extensions/contents/store/extensions HTTP/1.1" 200 None
2024-12-10 02:48:24,538 - urllib3.connectionpool - DEBUG - Starting new HTTPS connection (1): raw.githubusercontent.com:443
2024-12-10 02:48:24,944 - urllib3.connectionpool - DEBUG - https://raw.githubusercontent.com:443 "GET /rihla-team/qirtas-extensions/main/store/extensions/arabic_stats/manifest.json HTTP/1.1" 200 292
2024-12-10 02:48:24,945 - urllib3.connectionpool - DEBUG - Starting new HTTPS connection (1): raw.githubusercontent.com:443
2024-12-10 02:48:25,305 - urllib3.connectionpool - DEBUG - https://raw.githubusercontent.com:443 "GET /rihla-team/qirtas-extensions/main/store/extensions/code_documenter/manifest.json HTTP/1.1" 200 290
2024-12-10 02:48:25,307 - urllib3.connectionpool - DEBUG - Starting new HTTPS connection (1): raw.githubusercontent.com:443
2024-12-10 02:48:25,684 - urllib3.connectionpool - DEBUG - https://raw.githubusercontent.com:443 "GET /rihla-team/qirtas-extensions/main/store/extensions/hidden%20char%20extension/manifest.json HTTP/1.1" 200 310
2024-12-10 02:48:25,686 - urllib3.connectionpool - DEBUG - Starting new HTTPS connection (1): raw.githubusercontent.com:443
2024-12-10 02:48:26,055 - urllib3.connectionpool - DEBUG - https://raw.githubusercontent.com:443 "GET /rihla-team/qirtas-extensions/main/store/extensions/project_manager/manifest.json HTTP/1.1" 200 288
2024-12-10 02:48:26,056 - urllib3.connectionpool - DEBUG - Starting new HTTPS connection (1): raw.githubusercontent.com:443
2024-12-10 02:48:26,435 - urllib3.connectionpool - DEBUG - https://raw.githubusercontent.com:443 "GET /rihla-team/qirtas-extensions/main/store/extensions/reverse_text/manifest.json HTTP/1.1" 200 305
2024-12-10 02:48:26,436 - urllib3.connectionpool - DEBUG - Starting new HTTPS connection (1): raw.githubusercontent.com:443
2024-12-10 02:48:26,809 - urllib3.connectionpool - DEBUG - https://raw.githubusercontent.com:443 "GET /rihla-team/qirtas-extensions/main/store/extensions/text_analyzer/manifest.json HTTP/1.1" 200 348
2024-12-10 02:48:26,811 - urllib3.connectionpool - DEBUG - Starting new HTTPS connection (1): raw.githubusercontent.com:443
2024-12-10 02:48:27,185 - urllib3.connectionpool - DEBUG - https://raw.githubusercontent.com:443 "GET /rihla-team/qirtas-extensions/main/store/extensions/text_replacer/manifest.json HTTP/1.1" 200 369
2024-12-10 02:48:27,186 - urllib3.connectionpool - DEBUG - Starting new HTTPS connection (1): raw.githubusercontent.com:443
2024-12-10 02:48:27,564 - urllib3.connectionpool - DEBUG - https://raw.githubusercontent.com:443 "GET /rihla-team/qirtas-extensions/main/store/extensions/translator/manifest.json HTTP/1.1" 200 322
2024-12-10 02:48:27,598 - urllib3.connectionpool - DEBUG - Starting new HTTPS connection (1): raw.githubusercontent.com:443
2024-12-10 02:48:27,914 - urllib3.connectionpool - DEBUG - https://raw.githubusercontent.com:443 "GET /rihla-team/qirtas-extensions/main/store/extensions/arabic_stats/icon.png HTTP/1.1" 404 14
2024-12-10 02:48:27,918 - urllib3.connectionpool - DEBUG - Starting new HTTPS connection (1): raw.githubusercontent.com:443
2024-12-10 02:48:28,242 - urllib3.connectionpool - DEBUG - https://raw.githubusercontent.com:443 "GET /rihla-team/qirtas-extensions/main/store/extensions/code_documenter/icon.png HTTP/1.1" 404 14
2024-12-10 02:48:28,245 - urllib3.connectionpool - DEBUG - Starting new HTTPS connection (1): raw.githubusercontent.com:443
2024-12-10 02:48:28,571 - urllib3.connectionpool - DEBUG - https://raw.githubusercontent.com:443 "GET /rihla-team/qirtas-extensions/main/store/extensions/hidden%20char%20extension/icon.png HTTP/1.1" 404 14
2024-12-10 02:48:28,573 - urllib3.connectionpool - DEBUG - Starting new HTTPS connection (1): raw.githubusercontent.com:443
2024-12-10 02:48:28,890 - urllib3.connectionpool - DEBUG - https://raw.githubusercontent.com:443 "GET /rihla-team/qirtas-extensions/main/store/extensions/project_manager/icon.png HTTP/1.1" 404 14
2024-12-10 02:48:28,897 - urllib3.connectionpool - DEBUG - Starting new HTTPS connection (1): raw.githubusercontent.com:443
2024-12-10 02:48:29,210 - urllib3.connectionpool - DEBUG - https://raw.githubusercontent.com:443 "GET /rihla-team/qirtas-extensions/main/store/extensions/reverse_text/icon.png HTTP/1.1" 404 14
2024-12-10 02:48:29,216 - urllib3.connectionpool - DEBUG - Starting new HTTPS connection (1): raw.githubusercontent.com:443
2024-12-10 02:48:29,532 - urllib3.connectionpool - DEBUG - https://raw.githubusercontent.com:443 "GET /rihla-team/qirtas-extensions/main/store/extensions/text_analyzer/icon.png HTTP/1.1" 404 14
2024-12-10 02:48:29,536 - urllib3.connectionpool - DEBUG - Starting new HTTPS connection (1): raw.githubusercontent.com:443
2024-12-10 02:48:29,835 - urllib3.connectionpool - DEBUG - https://raw.githubusercontent.com:443 "GET /rihla-team/qirtas-extensions/main/store/extensions/text_replacer/icon.png HTTP/1.1" 404 14
2024-12-10 02:48:29,838 - urllib3.connectionpool - DEBUG - Starting new HTTPS connection (1): raw.githubusercontent.com:443
2024-12-10 02:48:30,150 - urllib3.connectionpool - DEBUG - https://raw.githubusercontent.com:443 "GET /rihla-team/qirtas-extensions/main/store/extensions/translator/icon.png HTTP/1.1" 404 14
