
2024-12-24 06:32:34,687 | مدير الإضافات | معلومات | تم تحميل الإضافة: موثق الكود

2024-12-24 06:32:35,727 | مدير الإضافات | معلومات | تم تحميل الإضافة: مدير الملفات

2024-12-24 06:32:35,729 | مدير الإضافات | معلومات | تم تحميل الإضافة: إضافة حرف خفي

2024-12-24 06:32:35,863 | مدير الإضافات | معلومات | تم تحميل الإضافة: عكس النصوص

2024-12-24 06:32:35,865 | مدير الإضافات | معلومات | تم تحميل الإضافة: مستبدل نصوص للعبة ملوك صليبية

2024-12-24 06:32:39,759 | مدير الإضافات | معلومات | تم تحميل الإضافة: المترجم

2024-12-24 06:32:40,389 | مدير الإضافات | معلومات | تم تحميل الإضافة: موثق الكود

2024-12-24 06:32:40,409 | مدير الإضافات | معلومات | تم تحميل الإضافة: مدير الملفات

2024-12-24 06:32:40,410 | مدير الإضافات | معلومات | تم تحميل الإضافة: إضافة حرف خفي

2024-12-24 06:32:40,413 | مدير الإضافات | معلومات | تم تحميل الإضافة: عكس النصوص

2024-12-24 06:32:40,414 | مدير الإضافات | معلومات | تم تحميل الإضافة: مستبدل نصوص للعبة ملوك صليبية

2024-12-24 06:32:40,415 | مدير الإضافات | معلومات | تم تحميل الإضافة: المترجم
2024-12-24 06:32:40 - ExtensionsManager - INFO - تم تحميل الأيقونة من: g:\My_File\Lub\3- مشاريع\1 -  فريق رحله\2- ادوات الفريق\الكود المصدري\3- محرر رحلة\Qirtas-1\extensions\file_explorer\folder.png
2024-12-24 06:32:40 - ExtensionsManager - INFO - تم تحميل الأيقونة من: g:\My_File\Lub\3- مشاريع\1 -  فريق رحله\2- ادوات الفريق\الكود المصدري\3- محرر رحلة\Qirtas-1\extensions\file_explorer\resources/icons/search.png
2024-12-24 06:32:40 - ExtensionsManager - INFO - تم تحميل ملف التنسيق: resources\styles\sidebar.qss
2024-12-24 06:32:41,382 | مجمع اتصالات مكتبة الروابط الشبكية 3 | تصحيح | بدء اتصال بروتوكول النص التشعبي الآمن جديد (1): api.github.com:443
2024-12-24 06:32:41,757 | مجمع اتصالات مكتبة الروابط الشبكية 3 | تصحيح | https://api.github.com:443 "GET /repos/rihla-team/Qirtas HTTP/1.1" 200 1250
2024-12-24 06:32:41,759 | مجمع اتصالات مكتبة الروابط الشبكية 3 | تصحيح | بدء اتصال بروتوكول النص التشعبي الآمن جديد (1): api.github.com:443
2024-12-24 06:32:42,120 | مجمع اتصالات مكتبة الروابط الشبكية 3 | تصحيح | https://api.github.com:443 "GET /repos/rihla-team/Qirtas/releases HTTP/1.1" 200 2
2024-12-24 06:32:42,121 | مدير التحديثات | معلومات | لا يوجد إصدارات منشورة في المستودع
